This file contains any messages produced by compilers while
running configure, to aid debugging if configure makes a mistake.

It was created by heat configure 1.15, which was
generated by GNU Autoconf 2.63.  Invocation command line was

  $ ./configure --disable-option-checking --prefix=/usr/local --cache-file=/dev/null --srcdir=.

## --------- ##
## Platform. ##
## --------- ##

hostname = fs0
uname -m = x86_64
uname -r = 2.6.32-431.11.2.el6.x86_64
uname -s = Linux
uname -v = #1 SMP Tue Mar 25 19:59:55 UTC 2014

/usr/bin/uname -p = unknown
/bin/uname -X     = unknown

/bin/arch              = x86_64
/usr/bin/arch -k       = unknown
/usr/convex/getsysinfo = unknown
/usr/bin/hostinfo      = unknown
/bin/machine           = unknown
/usr/bin/oslevel       = unknown
/bin/universe          = unknown

PATH: /cm/shared/apps/gcc/4.4.6/bin
PATH: /usr/lib64/qt-3.3/bin
PATH: /usr/local/bin
PATH: /bin
PATH: /usr/bin
PATH: /usr/local/sbin
PATH: /usr/sbin
PATH: /sbin
PATH: /sbin
PATH: /usr/sbin
PATH: /cm/shared/apps/sge/6.2u5p2/bin/lx26-amd64
PATH: /home/ids250/bin
PATH: /home/bakkerr/pgi/linux86-64/14.10/bin


## ----------- ##
## Core tests. ##
## ----------- ##

configure:1829: checking for a BSD-compatible install
configure:1897: result: /usr/bin/install -c
configure:1908: checking whether build environment is sane
configure:1968: result: yes
configure:2109: checking for a thread-safe mkdir -p
configure:2148: result: /bin/mkdir -p
configure:2161: checking for gawk
configure:2177: found /bin/gawk
configure:2188: result: gawk
configure:2199: checking whether make sets $(MAKE)
configure:2221: result: yes
configure:2353: checking for pgcc
configure:2369: found /home/bakkerr/pgi/linux86-64/14.10/bin/pgcc
configure:2380: result: pgcc
configure:2414: checking for C compiler version
configure:2422: pgcc --version >&5

pgcc 14.10-0 64-bit target on x86-64 Linux -tp nehalem 
The Portland Group - PGI Compilers and Tools
Copyright (c) 2014, NVIDIA CORPORATION.  All rights reserved.
configure:2426: $? = 0
configure:2433: pgcc -v >&5
Export PGI=/home/bakkerr/pgi
pgcc-Warning-No files to process

configure:2437: $? = 0
configure:2444: pgcc -V >&5

pgcc 14.10-0 64-bit target on x86-64 Linux -tp nehalem 
The Portland Group - PGI Compilers and Tools
Copyright (c) 2014, NVIDIA CORPORATION.  All rights reserved.
configure:2448: $? = 0
configure:2471: checking for C compiler default output file name
configure:2493: pgcc    conftest.c  >&5
configure:2497: $? = 0
configure:2535: result: a.out
configure:2554: checking whether the C compiler works
configure:2564: ./a.out
configure:2568: $? = 0
configure:2587: result: yes
configure:2594: checking whether we are cross compiling
configure:2596: result: no
configure:2599: checking for suffix of executables
configure:2606: pgcc -o conftest    conftest.c  >&5
configure:2610: $? = 0
configure:2636: result: 
configure:2642: checking for suffix of object files
configure:2668: pgcc -c   conftest.c >&5
configure:2672: $? = 0
configure:2697: result: o
configure:2701: checking whether we are using the GNU C compiler
configure:2730: pgcc -c   conftest.c >&5
PGC-S-0040-Illegal use of symbol, choke (conftest.c: 13)
PGC-W-0156-Type not specified, 'int' assumed (conftest.c: 13)
PGC/x86-64 Linux 14.10-0: compilation completed with severe errors
configure:2737: $? = 2
configure: failed program was:
| /* confdefs.h.  */
| #define PACKAGE_NAME "heat"
| #define PACKAGE_TARNAME "heat"
| #define PACKAGE_VERSION "1.15"
| #define PACKAGE_STRING "heat 1.15"
| #define PACKAGE_BUGREPORT "pcs2014@list.uva.nl"
| /* end confdefs.h.  */
| 
| int
| main ()
| {
| #ifndef __GNUC__
|        choke me
| #endif
| 
|   ;
|   return 0;
| }
configure:2754: result: no
configure:2763: checking whether pgcc accepts -g
configure:2793: pgcc -c -g  conftest.c >&5
configure:2800: $? = 0
configure:2901: result: yes
configure:2918: checking for pgcc option to accept ISO C89
configure:2992: pgcc  -c -g  conftest.c >&5
PGC-W-0261-no macro replacement within a character constant (conftest.c: 42)
PGC/x86-64 Linux 14.10-0: compilation completed with warnings
configure:2999: $? = 0
configure:3022: result: none needed
configure:3051: checking for style of include used by make
configure:3079: result: GNU
configure:3104: checking dependency style of pgcc
configure:3214: result: none
configure:3238: checking for pgcc option to accept ISO C99
configure:3397: pgcc  -c   conftest.c >&5
configure:3404: $? = 0
configure:3427: result: none needed
configure:3567: creating ./config.status

## ---------------------- ##
## Running config.status. ##
## ---------------------- ##

This file was extended by heat config.status 1.15, which was
generated by GNU Autoconf 2.63.  Invocation command line was

  CONFIG_FILES    = 
  CONFIG_HEADERS  = 
  CONFIG_LINKS    = 
  CONFIG_COMMANDS = 
  $ ./config.status 

on fs0

config.status:756: creating Makefile
config.status:756: creating config.h
config.status:1030: executing depfiles commands

## ---------------- ##
## Cache variables. ##
## ---------------- ##

ac_cv_c_compiler_gnu=no
ac_cv_env_CC_set=
ac_cv_env_CC_value=
ac_cv_env_CFLAGS_set=
ac_cv_env_CFLAGS_value=
ac_cv_env_CPPFLAGS_set=
ac_cv_env_CPPFLAGS_value=
ac_cv_env_LDFLAGS_set=
ac_cv_env_LDFLAGS_value=
ac_cv_env_LIBS_set=
ac_cv_env_LIBS_value=
ac_cv_env_build_alias_set=
ac_cv_env_build_alias_value=
ac_cv_env_host_alias_set=
ac_cv_env_host_alias_value=
ac_cv_env_target_alias_set=
ac_cv_env_target_alias_value=
ac_cv_objext=o
ac_cv_path_install='/usr/bin/install -c'
ac_cv_path_mkdir=/bin/mkdir
ac_cv_prog_AWK=gawk
ac_cv_prog_ac_ct_CC=pgcc
ac_cv_prog_cc_c89=
ac_cv_prog_cc_c99=
ac_cv_prog_cc_g=yes
ac_cv_prog_make_make_set=yes
am_cv_CC_dependencies_compiler_type=none

## ----------------- ##
## Output variables. ##
## ----------------- ##

ACLOCAL='${SHELL} /home/ids250/pcs/heat-1.15/acc/build-aux/missing --run aclocal-1.11'
AMDEPBACKSLASH='\'
AMDEP_FALSE='#'
AMDEP_TRUE=''
AMTAR='${SHELL} /home/ids250/pcs/heat-1.15/acc/build-aux/missing --run tar'
AUTOCONF='${SHELL} /home/ids250/pcs/heat-1.15/acc/build-aux/missing --run autoconf'
AUTOHEADER='${SHELL} /home/ids250/pcs/heat-1.15/acc/build-aux/missing --run autoheader'
AUTOMAKE='${SHELL} /home/ids250/pcs/heat-1.15/acc/build-aux/missing --run automake-1.11'
AWK='gawk'
CC='pgcc'
CCDEPMODE='depmode=none'
CFLAGS=''
CPPFLAGS=''
CYGPATH_W='echo'
DEFS='-DHAVE_CONFIG_H'
DEPDIR='.deps'
ECHO_C=''
ECHO_N='-n'
ECHO_T=''
EXEEXT=''
INSTALL_DATA='${INSTALL} -m 644'
INSTALL_PROGRAM='${INSTALL}'
INSTALL_SCRIPT='${INSTALL}'
INSTALL_STRIP_PROGRAM='$(install_sh) -c -s'
LDFLAGS=''
LIBOBJS=''
LIBS=''
LTLIBOBJS=''
MAKEINFO='${SHELL} /home/ids250/pcs/heat-1.15/acc/build-aux/missing --run makeinfo'
MKDIR_P='/bin/mkdir -p'
OBJEXT='o'
PACKAGE='heat'
PACKAGE_BUGREPORT='pcs2014@list.uva.nl'
PACKAGE_NAME='heat'
PACKAGE_STRING='heat 1.15'
PACKAGE_TARNAME='heat'
PACKAGE_VERSION='1.15'
PATH_SEPARATOR=':'
SET_MAKE=''
SHELL='/bin/sh'
STRIP=''
VERSION='1.15'
ac_ct_CC='pgcc'
am__EXEEXT_FALSE=''
am__EXEEXT_TRUE='#'
am__fastdepCC_FALSE=''
am__fastdepCC_TRUE='#'
am__include='include'
am__isrc=''
am__leading_dot='.'
am__quote=''
am__tar='${AMTAR} chof - "$$tardir"'
am__untar='${AMTAR} xf -'
bindir='${exec_prefix}/bin'
build_alias=''
datadir='${datarootdir}'
datarootdir='${prefix}/share'
docdir='${datarootdir}/doc/${PACKAGE_TARNAME}'
dvidir='${docdir}'
exec_prefix='${prefix}'
host_alias=''
htmldir='${docdir}'
includedir='${prefix}/include'
infodir='${datarootdir}/info'
install_sh='${SHELL} /home/ids250/pcs/heat-1.15/acc/build-aux/install-sh'
libdir='${exec_prefix}/lib'
libexecdir='${exec_prefix}/libexec'
localedir='${datarootdir}/locale'
localstatedir='${prefix}/var'
mandir='${datarootdir}/man'
mkdir_p='/bin/mkdir -p'
oldincludedir='/usr/include'
pdfdir='${docdir}'
prefix='/usr/local'
program_transform_name='s,x,x,'
psdir='${docdir}'
sbindir='${exec_prefix}/sbin'
sharedstatedir='${prefix}/com'
sysconfdir='${prefix}/etc'
target_alias=''

## ----------- ##
## confdefs.h. ##
## ----------- ##

#define PACKAGE_NAME "heat"
#define PACKAGE_TARNAME "heat"
#define PACKAGE_VERSION "1.15"
#define PACKAGE_STRING "heat 1.15"
#define PACKAGE_BUGREPORT "pcs2014@list.uva.nl"

configure: exit 0
