This file contains any messages produced by compilers while
running configure, to aid debugging if configure makes a mistake.

It was created by heat configure 1.15, which was
generated by GNU Autoconf 2.63.  Invocation command line was

  $ ./configure --disable-option-checking --prefix=/usr/local --cache-file=/dev/null --srcdir=.

## --------- ##
## Platform. ##
## --------- ##

hostname = fs0
uname -m = x86_64
uname -r = 2.6.32-431.11.2.el6.x86_64
uname -s = Linux
uname -v = #1 SMP Tue Mar 25 19:59:55 UTC 2014

/usr/bin/uname -p = unknown
/bin/uname -X     = unknown

/bin/arch              = x86_64
/usr/bin/arch -k       = unknown
/usr/convex/getsysinfo = unknown
/usr/bin/hostinfo      = unknown
/bin/machine           = unknown
/usr/bin/oslevel       = unknown
/bin/universe          = unknown

PATH: /cm/shared/apps/gcc/4.4.6/bin
PATH: /usr/lib64/qt-3.3/bin
PATH: /usr/local/bin
PATH: /bin
PATH: /usr/bin
PATH: /usr/local/sbin
PATH: /usr/sbin
PATH: /sbin
PATH: /sbin
PATH: /usr/sbin
PATH: /cm/shared/apps/sge/6.2u5p2/bin/lx26-amd64
PATH: /home/ids250/bin
PATH: /home/bakkerr/pgi/linux86-64/14.10/bin


## ----------- ##
## Core tests. ##
## ----------- ##

configure:1847: checking for a BSD-compatible install
configure:1915: result: /usr/bin/install -c
configure:1926: checking whether build environment is sane
configure:1986: result: yes
configure:2127: checking for a thread-safe mkdir -p
configure:2166: result: /bin/mkdir -p
configure:2179: checking for gawk
configure:2195: found /bin/gawk
configure:2206: result: gawk
configure:2217: checking whether make sets $(MAKE)
configure:2239: result: yes
configure:2359: checking for ranlib
configure:2375: found /usr/bin/ranlib
configure:2386: result: ranlib
configure:2420: checking for style of include used by make
configure:2448: result: GNU
configure:2518: checking for gcc
configure:2534: found /cm/shared/apps/gcc/4.4.6/bin/gcc
configure:2545: result: gcc
configure:2777: checking for C compiler version
configure:2785: gcc --version >&5
gcc (GCC) 4.4.6
Copyright (C) 2010 Free Software Foundation, Inc.
This is free software; see the source for copying conditions.  There is NO
warranty; not even for MERCHANTABILITY or FITNESS FOR A PARTICULAR PURPOSE.

configure:2789: $? = 0
configure:2796: gcc -v >&5
Using built-in specs.
Target: x86_64-unknown-linux-gnu
Configured with: ../gcc-4.4.6/configure --prefix=/cm/shared/apps/gcc/4.4.6 --enable-languages=c,c++,fortran --with-gmp-include=/root/rpmbuild/BUILD/gcc-4.4.6-obj/../gcc-4.4.6/our-gmp --with-gmp-lib=/root/rpmbuild/BUILD/gcc-4.4.6-obj/../gcc-4.4.6/our-gmp --with-mpc-include=/root/rpmbuild/BUILD/gcc-4.4.6-obj/../gcc-4.4.6/our-mpc --with-mpc-lib=/root/rpmbuild/BUILD/gcc-4.4.6-obj/../gcc-4.4.6/our-mpc --with-mpfr-include=/root/rpmbuild/BUILD/gcc-4.4.6-obj/../gcc-4.4.6/our-mpfr --with-mpfr-lib=/root/rpmbuild/BUILD/gcc-4.4.6-obj/../gcc-4.4.6/our-mpfr/.libs
Thread model: posix
gcc version 4.4.6 (GCC) 
configure:2800: $? = 0
configure:2807: gcc -V >&5
gcc: '-V' option must have argument
configure:2811: $? = 1
configure:2834: checking for C compiler default output file name
configure:2856: gcc    conftest.c  >&5
configure:2860: $? = 0
configure:2898: result: a.out
configure:2917: checking whether the C compiler works
configure:2927: ./a.out
configure:2931: $? = 0
configure:2950: result: yes
configure:2957: checking whether we are cross compiling
configure:2959: result: no
configure:2962: checking for suffix of executables
configure:2969: gcc -o conftest    conftest.c  >&5
configure:2973: $? = 0
configure:2999: result: 
configure:3005: checking for suffix of object files
configure:3031: gcc -c   conftest.c >&5
configure:3035: $? = 0
configure:3060: result: o
configure:3064: checking whether we are using the GNU C compiler
configure:3093: gcc -c   conftest.c >&5
configure:3100: $? = 0
configure:3117: result: yes
configure:3126: checking whether gcc accepts -g
configure:3156: gcc -c -g  conftest.c >&5
configure:3163: $? = 0
configure:3264: result: yes
configure:3281: checking for gcc option to accept ISO C89
configure:3355: gcc  -c -g -O2  conftest.c >&5
configure:3362: $? = 0
configure:3385: result: none needed
configure:3405: checking dependency style of gcc
configure:3515: result: gcc3
configure:3530: checking for gcc option to accept ISO C99
configure:3689: gcc  -c -g -O2  conftest.c >&5
conftest.c:58: error: expected ';', ',' or ')' before 'text'
conftest.c: In function 'main':
conftest.c:112: error: expected '=', ',', ';', 'asm' or '__attribute__' before 'newvar'
conftest.c:112: error: 'newvar' undeclared (first use in this function)
conftest.c:112: error: (Each undeclared identifier is reported only once
conftest.c:112: error: for each function it appears in.)
conftest.c:122: error: 'for' loop initial declarations are only allowed in C99 mode
conftest.c:122: note: use option -std=c99 or -std=gnu99 to compile your code
configure:3696: $? = 1
configure: failed program was:
| /* confdefs.h.  */
| #define PACKAGE_NAME "heat"
| #define PACKAGE_TARNAME "heat"
| #define PACKAGE_VERSION "1.15"
| #define PACKAGE_STRING "heat 1.15"
| #define PACKAGE_BUGREPORT "concprogYYYY@list.uva.nl"
| /* end confdefs.h.  */
| #include <stdarg.h>
| #include <stdbool.h>
| #include <stdlib.h>
| #include <wchar.h>
| #include <stdio.h>
| 
| // Check varargs macros.  These examples are taken from C99 6.10.3.5.
| #define debug(...) fprintf (stderr, __VA_ARGS__)
| #define showlist(...) puts (#__VA_ARGS__)
| #define report(test,...) ((test) ? puts (#test) : printf (__VA_ARGS__))
| static void
| test_varargs_macros (void)
| {
|   int x = 1234;
|   int y = 5678;
|   debug ("Flag");
|   debug ("X = %d\n", x);
|   showlist (The first, second, and third items.);
|   report (x>y, "x is %d but y is %d", x, y);
| }
| 
| // Check long long types.
| #define BIG64 18446744073709551615ull
| #define BIG32 4294967295ul
| #define BIG_OK (BIG64 / BIG32 == 4294967297ull && BIG64 % BIG32 == 0)
| #if !BIG_OK
|   your preprocessor is broken;
| #endif
| #if BIG_OK
| #else
|   your preprocessor is broken;
| #endif
| static long long int bignum = -9223372036854775807LL;
| static unsigned long long int ubignum = BIG64;
| 
| struct incomplete_array
| {
|   int datasize;
|   double data[];
| };
| 
| struct named_init {
|   int number;
|   const wchar_t *name;
|   double average;
| };
| 
| typedef const char *ccp;
| 
| static inline int
| test_restrict (ccp restrict text)
| {
|   // See if C++-style comments work.
|   // Iterate through items via the restricted pointer.
|   // Also check for declarations in for loops.
|   for (unsigned int i = 0; *(text+i) != '\0'; ++i)
|     continue;
|   return 0;
| }
| 
| // Check varargs and va_copy.
| static void
| test_varargs (const char *format, ...)
| {
|   va_list args;
|   va_start (args, format);
|   va_list args_copy;
|   va_copy (args_copy, args);
| 
|   const char *str;
|   int number;
|   float fnumber;
| 
|   while (*format)
|     {
|       switch (*format++)
| 	{
| 	case 's': // string
| 	  str = va_arg (args_copy, const char *);
| 	  break;
| 	case 'd': // int
| 	  number = va_arg (args_copy, int);
| 	  break;
| 	case 'f': // float
| 	  fnumber = va_arg (args_copy, double);
| 	  break;
| 	default:
| 	  break;
| 	}
|     }
|   va_end (args_copy);
|   va_end (args);
| }
| 
| int
| main ()
| {
| 
|   // Check bool.
|   _Bool success = false;
| 
|   // Check restrict.
|   if (test_restrict ("String literal") == 0)
|     success = true;
|   char *restrict newvar = "Another string";
| 
|   // Check varargs.
|   test_varargs ("s, d' f .", "string", 65, 34.234);
|   test_varargs_macros ();
| 
|   // Check flexible array members.
|   struct incomplete_array *ia =
|     malloc (sizeof (struct incomplete_array) + (sizeof (double) * 10));
|   ia->datasize = 10;
|   for (int i = 0; i < ia->datasize; ++i)
|     ia->data[i] = i * 1.234;
| 
|   // Check named initializers.
|   struct named_init ni = {
|     .number = 34,
|     .name = L"Test wide string",
|     .average = 543.34343,
|   };
| 
|   ni.number = 58;
| 
|   int dynamic_array[ni.number];
|   dynamic_array[ni.number - 1] = 543;
| 
|   // work around unused variable warnings
|   return (!success || bignum == 0LL || ubignum == 0uLL || newvar[0] == 'x'
| 	  || dynamic_array[ni.number - 1] != 543);
| 
|   ;
|   return 0;
| }
configure:3689: gcc -std=gnu99 -c -g -O2  conftest.c >&5
configure:3696: $? = 0
configure:3726: result: -std=gnu99
configure:3733: checking for an ANSI C-conforming const
configure:3808: gcc -std=gnu99 -c -g -O2  conftest.c >&5
configure:3815: $? = 0
configure:3830: result: yes
configure:3840: checking for C/C++ restrict keyword
configure:3875: gcc -std=gnu99 -c -g -O2  conftest.c >&5
configure:3882: $? = 0
configure:3900: result: __restrict
configure:3916: checking for working volatile
configure:3945: gcc -std=gnu99 -c -g -O2  conftest.c >&5
configure:3952: $? = 0
configure:3967: result: yes
configure:3978: checking for library containing fabs
configure:4019: gcc -std=gnu99 -o conftest -g -O2   conftest.c  >&5
conftest.c:16: warning: conflicting types for built-in function 'fabs'
/tmp/ccPUc2Cj.o: In function `main':
/home/ids250/pcs/heat-1.15/pth/conftest.c:20: undefined reference to `fabs'
collect2: ld returned 1 exit status
configure:4026: $? = 1
configure: failed program was:
| /* confdefs.h.  */
| #define PACKAGE_NAME "heat"
| #define PACKAGE_TARNAME "heat"
| #define PACKAGE_VERSION "1.15"
| #define PACKAGE_STRING "heat 1.15"
| #define PACKAGE_BUGREPORT "concprogYYYY@list.uva.nl"
| #define restrict __restrict
| /* end confdefs.h.  */
| 
| /* Override any GCC internal prototype to avoid an error.
|    Use char because int might match the return type of a GCC
|    builtin and then its argument prototype would still apply.  */
| #ifdef __cplusplus
| extern "C"
| #endif
| char fabs ();
| int
| main ()
| {
| return fabs ();
|   ;
|   return 0;
| }
configure:4019: gcc -std=gnu99 -o conftest -g -O2   conftest.c -lm   >&5
conftest.c:16: warning: conflicting types for built-in function 'fabs'
configure:4026: $? = 0
configure:4057: result: -lm
configure:4065: checking for library containing fmin
configure:4106: gcc -std=gnu99 -o conftest -g -O2   conftest.c -lm  >&5
conftest.c:16: warning: conflicting types for built-in function 'fmin'
configure:4113: $? = 0
configure:4144: result: none required
configure:4152: checking for library containing fmax
configure:4193: gcc -std=gnu99 -o conftest -g -O2   conftest.c -lm  >&5
conftest.c:16: warning: conflicting types for built-in function 'fmax'
configure:4200: $? = 0
configure:4231: result: none required
configure:4239: checking for library containing sqrt
configure:4280: gcc -std=gnu99 -o conftest -g -O2   conftest.c -lm  >&5
conftest.c:16: warning: conflicting types for built-in function 'sqrt'
configure:4287: $? = 0
configure:4318: result: none required
configure:4346: checking build system type
configure:4364: result: x86_64-unknown-linux-gnu
configure:4386: checking host system type
configure:4401: result: x86_64-unknown-linux-gnu
configure:4619: checking for the pthreads library -lpthreads
configure:4662: gcc -std=gnu99 -o conftest -g -O2 -Wall   -I$(COMMON)  conftest.c -lpthreads -lm  >&5
conftest.c: In function 'main':
conftest.c:14: warning: null argument where non-null required (argument 1)
conftest.c:15: warning: null argument where non-null required (argument 1)
conftest.c:15: warning: null argument where non-null required (argument 3)
conftest.c:13: warning: 'th' is used uninitialized in this function
/usr/bin/ld: cannot find -lpthreads
collect2: ld returned 1 exit status
configure:4669: $? = 1
configure: failed program was:
| /* confdefs.h.  */
| #define PACKAGE_NAME "heat"
| #define PACKAGE_TARNAME "heat"
| #define PACKAGE_VERSION "1.15"
| #define PACKAGE_STRING "heat 1.15"
| #define PACKAGE_BUGREPORT "concprogYYYY@list.uva.nl"
| #define restrict __restrict
| /* end confdefs.h.  */
| #include <pthread.h>
| int
| main ()
| {
| pthread_t th; pthread_join(th, 0);
|                      pthread_attr_init(0); pthread_cleanup_push(0, 0);
|                      pthread_create(0,0,0,0); pthread_cleanup_pop(0);
|   ;
|   return 0;
| }
configure:4692: result: no
configure:4564: checking whether pthreads work without any flags
configure:4662: gcc -std=gnu99 -o conftest -g -O2 -Wall   -I$(COMMON)  conftest.c  -lm  >&5
conftest.c: In function 'main':
conftest.c:14: warning: null argument where non-null required (argument 1)
conftest.c:15: warning: null argument where non-null required (argument 1)
conftest.c:15: warning: null argument where non-null required (argument 3)
conftest.c:13: warning: 'th' is used uninitialized in this function
/tmp/ccfmf5rD.o: In function `main':
/home/ids250/pcs/heat-1.15/pth/conftest.c:13: undefined reference to `pthread_join'
/home/ids250/pcs/heat-1.15/pth/conftest.c:14: undefined reference to `__pthread_register_cancel'
/home/ids250/pcs/heat-1.15/pth/conftest.c:15: undefined reference to `pthread_create'
/home/ids250/pcs/heat-1.15/pth/conftest.c:15: undefined reference to `__pthread_unregister_cancel'
collect2: ld returned 1 exit status
configure:4669: $? = 1
configure: failed program was:
| /* confdefs.h.  */
| #define PACKAGE_NAME "heat"
| #define PACKAGE_TARNAME "heat"
| #define PACKAGE_VERSION "1.15"
| #define PACKAGE_STRING "heat 1.15"
| #define PACKAGE_BUGREPORT "concprogYYYY@list.uva.nl"
| #define restrict __restrict
| /* end confdefs.h.  */
| #include <pthread.h>
| int
| main ()
| {
| pthread_t th; pthread_join(th, 0);
|                      pthread_attr_init(0); pthread_cleanup_push(0, 0);
|                      pthread_create(0,0,0,0); pthread_cleanup_pop(0);
|   ;
|   return 0;
| }
configure:4692: result: no
configure:4569: checking whether pthreads work with -Kthread
configure:4662: gcc -std=gnu99 -o conftest -g -O2 -Wall -Kthread  -I$(COMMON)  conftest.c  -lm  >&5
gcc: unrecognized option '-Kthread'
conftest.c: In function 'main':
conftest.c:14: warning: null argument where non-null required (argument 1)
conftest.c:15: warning: null argument where non-null required (argument 1)
conftest.c:15: warning: null argument where non-null required (argument 3)
conftest.c:13: warning: 'th' is used uninitialized in this function
/tmp/ccvEwyhF.o: In function `main':
/home/ids250/pcs/heat-1.15/pth/conftest.c:13: undefined reference to `pthread_join'
/home/ids250/pcs/heat-1.15/pth/conftest.c:14: undefined reference to `__pthread_register_cancel'
/home/ids250/pcs/heat-1.15/pth/conftest.c:15: undefined reference to `pthread_create'
/home/ids250/pcs/heat-1.15/pth/conftest.c:15: undefined reference to `__pthread_unregister_cancel'
collect2: ld returned 1 exit status
configure:4669: $? = 1
configure: failed program was:
| /* confdefs.h.  */
| #define PACKAGE_NAME "heat"
| #define PACKAGE_TARNAME "heat"
| #define PACKAGE_VERSION "1.15"
| #define PACKAGE_STRING "heat 1.15"
| #define PACKAGE_BUGREPORT "concprogYYYY@list.uva.nl"
| #define restrict __restrict
| /* end confdefs.h.  */
| #include <pthread.h>
| int
| main ()
| {
| pthread_t th; pthread_join(th, 0);
|                      pthread_attr_init(0); pthread_cleanup_push(0, 0);
|                      pthread_create(0,0,0,0); pthread_cleanup_pop(0);
|   ;
|   return 0;
| }
configure:4692: result: no
configure:4569: checking whether pthreads work with -kthread
configure:4662: gcc -std=gnu99 -o conftest -g -O2 -Wall -kthread  -I$(COMMON)  conftest.c  -lm  >&5
gcc: unrecognized option '-kthread'
conftest.c: In function 'main':
conftest.c:14: warning: null argument where non-null required (argument 1)
conftest.c:15: warning: null argument where non-null required (argument 1)
conftest.c:15: warning: null argument where non-null required (argument 3)
conftest.c:13: warning: 'th' is used uninitialized in this function
/tmp/cceKuwEz.o: In function `main':
/home/ids250/pcs/heat-1.15/pth/conftest.c:13: undefined reference to `pthread_join'
/home/ids250/pcs/heat-1.15/pth/conftest.c:14: undefined reference to `__pthread_register_cancel'
/home/ids250/pcs/heat-1.15/pth/conftest.c:15: undefined reference to `pthread_create'
/home/ids250/pcs/heat-1.15/pth/conftest.c:15: undefined reference to `__pthread_unregister_cancel'
collect2: ld returned 1 exit status
configure:4669: $? = 1
configure: failed program was:
| /* confdefs.h.  */
| #define PACKAGE_NAME "heat"
| #define PACKAGE_TARNAME "heat"
| #define PACKAGE_VERSION "1.15"
| #define PACKAGE_STRING "heat 1.15"
| #define PACKAGE_BUGREPORT "concprogYYYY@list.uva.nl"
| #define restrict __restrict
| /* end confdefs.h.  */
| #include <pthread.h>
| int
| main ()
| {
| pthread_t th; pthread_join(th, 0);
|                      pthread_attr_init(0); pthread_cleanup_push(0, 0);
|                      pthread_create(0,0,0,0); pthread_cleanup_pop(0);
|   ;
|   return 0;
| }
configure:4692: result: no
configure:4619: checking for the pthreads library -llthread
configure:4662: gcc -std=gnu99 -o conftest -g -O2 -Wall   -I$(COMMON)  conftest.c -llthread -lm  >&5
conftest.c: In function 'main':
conftest.c:14: warning: null argument where non-null required (argument 1)
conftest.c:15: warning: null argument where non-null required (argument 1)
conftest.c:15: warning: null argument where non-null required (argument 3)
conftest.c:13: warning: 'th' is used uninitialized in this function
/usr/bin/ld: cannot find -llthread
collect2: ld returned 1 exit status
configure:4669: $? = 1
configure: failed program was:
| /* confdefs.h.  */
| #define PACKAGE_NAME "heat"
| #define PACKAGE_TARNAME "heat"
| #define PACKAGE_VERSION "1.15"
| #define PACKAGE_STRING "heat 1.15"
| #define PACKAGE_BUGREPORT "concprogYYYY@list.uva.nl"
| #define restrict __restrict
| /* end confdefs.h.  */
| #include <pthread.h>
| int
| main ()
| {
| pthread_t th; pthread_join(th, 0);
|                      pthread_attr_init(0); pthread_cleanup_push(0, 0);
|                      pthread_create(0,0,0,0); pthread_cleanup_pop(0);
|   ;
|   return 0;
| }
configure:4692: result: no
configure:4569: checking whether pthreads work with -pthread
configure:4662: gcc -std=gnu99 -o conftest -g -O2 -Wall -pthread  -I$(COMMON)  conftest.c  -lm  >&5
conftest.c: In function 'main':
conftest.c:14: warning: null argument where non-null required (argument 1)
conftest.c:15: warning: null argument where non-null required (argument 1)
conftest.c:15: warning: null argument where non-null required (argument 3)
conftest.c:13: warning: 'th' is used uninitialized in this function
configure:4669: $? = 0
configure:4692: result: yes
configure:4711: checking for joinable pthread attribute
configure:4736: gcc -std=gnu99 -o conftest -g -O2 -Wall -pthread  -I$(COMMON)  conftest.c  -lm  >&5
configure:4743: $? = 0
configure:4763: result: PTHREAD_CREATE_JOINABLE
configure:4773: checking if more special flags are required for pthreads
configure:4780: result: no
configure:4995: creating ./config.status

## ---------------------- ##
## Running config.status. ##
## ---------------------- ##

This file was extended by heat config.status 1.15, which was
generated by GNU Autoconf 2.63.  Invocation command line was

  CONFIG_FILES    = 
  CONFIG_HEADERS  = 
  CONFIG_LINKS    = 
  CONFIG_COMMANDS = 
  $ ./config.status 

on fs0

config.status:772: creating Makefile
config.status:772: creating config.h
config.status:994: config.h is unchanged
config.status:1046: executing depfiles commands

## ---------------- ##
## Cache variables. ##
## ---------------- ##

ac_cv_build=x86_64-unknown-linux-gnu
ac_cv_c_compiler_gnu=yes
ac_cv_c_const=yes
ac_cv_c_restrict=__restrict
ac_cv_c_volatile=yes
ac_cv_env_CC_set=
ac_cv_env_CC_value=
ac_cv_env_CFLAGS_set=
ac_cv_env_CFLAGS_value=
ac_cv_env_CPPFLAGS_set=
ac_cv_env_CPPFLAGS_value=
ac_cv_env_LDFLAGS_set=
ac_cv_env_LDFLAGS_value=
ac_cv_env_LIBS_set=
ac_cv_env_LIBS_value=
ac_cv_env_build_alias_set=
ac_cv_env_build_alias_value=
ac_cv_env_host_alias_set=
ac_cv_env_host_alias_value=
ac_cv_env_target_alias_set=
ac_cv_env_target_alias_value=
ac_cv_host=x86_64-unknown-linux-gnu
ac_cv_objext=o
ac_cv_path_install='/usr/bin/install -c'
ac_cv_path_mkdir=/bin/mkdir
ac_cv_prog_AWK=gawk
ac_cv_prog_ac_ct_CC=gcc
ac_cv_prog_ac_ct_RANLIB=ranlib
ac_cv_prog_cc_c89=
ac_cv_prog_cc_c99=-std=gnu99
ac_cv_prog_cc_g=yes
ac_cv_prog_make_make_set=yes
ac_cv_search_fabs=-lm
ac_cv_search_fmax='none required'
ac_cv_search_fmin='none required'
ac_cv_search_sqrt='none required'
am_cv_CC_dependencies_compiler_type=gcc3

## ----------------- ##
## Output variables. ##
## ----------------- ##

ACLOCAL='${SHELL} /home/ids250/pcs/heat-1.15/pth/build-aux/missing --run aclocal-1.11'
AMDEPBACKSLASH='\'
AMDEP_FALSE='#'
AMDEP_TRUE=''
AMTAR='${SHELL} /home/ids250/pcs/heat-1.15/pth/build-aux/missing --run tar'
AUTOCONF='${SHELL} /home/ids250/pcs/heat-1.15/pth/build-aux/missing --run autoconf -f'
AUTOHEADER='${SHELL} /home/ids250/pcs/heat-1.15/pth/build-aux/missing --run autoheader'
AUTOMAKE='${SHELL} /home/ids250/pcs/heat-1.15/pth/build-aux/missing --run automake-1.11'
AWK='gawk'
CC='gcc -std=gnu99'
CCDEPMODE='depmode=gcc3'
CFLAGS='-g -O2 -Wall -pthread'
COMMON='$(srcdir)/../src'
CPPFLAGS=' -I$(COMMON)'
CYGPATH_W='echo'
DEFS='-DHAVE_CONFIG_H'
DEPDIR='.deps'
ECHO_C=''
ECHO_N='-n'
ECHO_T=''
EXEEXT=''
INSTALL_DATA='${INSTALL} -m 644'
INSTALL_PROGRAM='${INSTALL}'
INSTALL_SCRIPT='${INSTALL}'
INSTALL_STRIP_PROGRAM='$(install_sh) -c -s'
LDFLAGS=''
LIBOBJS=''
LIBS=' -lm '
LTLIBOBJS=''
MAKEINFO='${SHELL} /home/ids250/pcs/heat-1.15/pth/build-aux/missing --run makeinfo'
MKDIR_P='/bin/mkdir -p'
OBJEXT='o'
PACKAGE='heat'
PACKAGE_BUGREPORT='concprogYYYY@list.uva.nl'
PACKAGE_NAME='heat'
PACKAGE_STRING='heat 1.15'
PACKAGE_TARNAME='heat'
PACKAGE_VERSION='1.15'
PATH_SEPARATOR=':'
PTHREAD_CC='gcc -std=gnu99'
PTHREAD_CFLAGS='-pthread'
PTHREAD_LIBS=''
RANLIB='ranlib'
SET_MAKE=''
SHELL='/bin/sh'
STRIP=''
VERSION='1.15'
ac_ct_CC='gcc'
am__EXEEXT_FALSE=''
am__EXEEXT_TRUE='#'
am__fastdepCC_FALSE='#'
am__fastdepCC_TRUE=''
am__include='include'
am__isrc=''
am__leading_dot='.'
am__quote=''
am__tar='${AMTAR} chof - "$$tardir"'
am__untar='${AMTAR} xf -'
ax_pthread_config=''
bindir='${exec_prefix}/bin'
build='x86_64-unknown-linux-gnu'
build_alias=''
build_cpu='x86_64'
build_os='linux-gnu'
build_vendor='unknown'
datadir='${datarootdir}'
datarootdir='${prefix}/share'
docdir='${datarootdir}/doc/${PACKAGE_TARNAME}'
dvidir='${docdir}'
exec_prefix='${prefix}'
host='x86_64-unknown-linux-gnu'
host_alias=''
host_cpu='x86_64'
host_os='linux-gnu'
host_vendor='unknown'
htmldir='${docdir}'
includedir='${prefix}/include'
infodir='${datarootdir}/info'
install_sh='${SHELL} /home/ids250/pcs/heat-1.15/pth/build-aux/install-sh'
libdir='${exec_prefix}/lib'
libexecdir='${exec_prefix}/libexec'
localedir='${datarootdir}/locale'
localstatedir='${prefix}/var'
mandir='${datarootdir}/man'
mkdir_p='/bin/mkdir -p'
oldincludedir='/usr/include'
pdfdir='${docdir}'
prefix='/usr/local'
program_transform_name='s,x,x,'
psdir='${docdir}'
sbindir='${exec_prefix}/sbin'
sharedstatedir='${prefix}/com'
sysconfdir='${prefix}/etc'
target_alias=''

## ----------- ##
## confdefs.h. ##
## ----------- ##

#define PACKAGE_NAME "heat"
#define PACKAGE_TARNAME "heat"
#define PACKAGE_VERSION "1.15"
#define PACKAGE_STRING "heat 1.15"
#define PACKAGE_BUGREPORT "concprogYYYY@list.uva.nl"
#define restrict __restrict
#define HAVE_PTHREAD 1

configure: exit 0
